{"C:\\Users\\PinakiPrasadMohapatr\\Downloads\\sandbox\\src\\component-did-catch.js": {"path":"C:\\Users\\PinakiPrasadMohapatr\\Downloads\\sandbox\\src\\component-did-catch.js","statementMap":{"0":{"start":{"line":5,"column":10},"end":{"line":5,"column":27}},"1":{"start":{"line":7,"column":4},"end":{"line":7,"column":35}},"2":{"start":{"line":8,"column":4},"end":{"line":8,"column":28}},"3":{"start":{"line":11,"column":4},"end":{"line":15,"column":5}},"4":{"start":{"line":20,"column":2},"end":{"line":20,"column":30}},"5":{"start":{"line":24,"column":38},"end":{"line":24,"column":59}},"6":{"start":{"line":25,"column":26},"end":{"line":25,"column":51}},"7":{"start":{"line":25,"column":32},"end":{"line":25,"column":51}},"8":{"start":{"line":26,"column":2},"end":{"line":38,"column":3}}},"fnMap":{"0":{"name":"(anonymous_0)","decl":{"start":{"line":6,"column":2},"end":{"line":6,"column":3}},"loc":{"start":{"line":6,"column":33},"end":{"line":9,"column":3}},"line":6},"1":{"name":"(anonymous_1)","decl":{"start":{"line":10,"column":2},"end":{"line":10,"column":3}},"loc":{"start":{"line":10,"column":11},"end":{"line":16,"column":3}},"line":10},"2":{"name":"Bomb","decl":{"start":{"line":19,"column":9},"end":{"line":19,"column":13}},"loc":{"start":{"line":19,"column":16},"end":{"line":21,"column":1}},"line":19},"3":{"name":"BombButton","decl":{"start":{"line":23,"column":9},"end":{"line":23,"column":19}},"loc":{"start":{"line":23,"column":22},"end":{"line":39,"column":1}},"line":23},"4":{"name":"(anonymous_4)","decl":{"start":{"line":25,"column":26},"end":{"line":25,"column":27}},"loc":{"start":{"line":25,"column":32},"end":{"line":25,"column":51}},"line":25}},"branchMap":{"0":{"loc":{"start":{"line":11,"column":11},"end":{"line":15,"column":5}},"type":"cond-expr","locations":[{"start":{"line":12,"column":6},"end":{"line":12,"column":36}},{"start":{"line":14,"column":6},"end":{"line":14,"column":25}}],"line":11},"1":{"loc":{"start":{"line":28,"column":7},"end":{"line":36,"column":7}},"type":"cond-expr","locations":[{"start":{"line":29,"column":8},"end":{"line":29,"column":16}},{"start":{"line":31,"column":8},"end":{"line":35,"column":17}}],"line":28}},"s":{"0":1,"1":1,"2":1,"3":3,"4":3,"5":3,"6":2,"7":1,"8":2},"f":{"0":1,"1":3,"2":3,"3":3,"4":1},"b":{"0":[1,2],"1":[1,1]},"_coverageSchema":"1a1c01bbd47fc00a2c39e90264f33305004495a9","hash":"5cbbb5012facf3c39509a4cef29b90a8e9e77a7d"}
,"C:\\Users\\PinakiPrasadMohapatr\\Downloads\\sandbox\\src\\fetch-greeting.js": {"path":"C:\\Users\\PinakiPrasadMohapatr\\Downloads\\sandbox\\src\\fetch-greeting.js","statementMap":{"0":{"start":{"line":5,"column":21},"end":{"line":8,"column":1}},"1":{"start":{"line":11,"column":2},"end":{"line":27,"column":3}},"2":{"start":{"line":13,"column":6},"end":{"line":16,"column":7}},"3":{"start":{"line":19,"column":6},"end":{"line":22,"column":7}},"4":{"start":{"line":25,"column":6},"end":{"line":25,"column":18}},"5":{"start":{"line":31,"column":40},"end":{"line":34,"column":3}},"6":{"start":{"line":35,"column":44},"end":{"line":35,"column":59}},"7":{"start":{"line":37,"column":24},"end":{"line":49,"column":3}},"8":{"start":{"line":38,"column":4},"end":{"line":48,"column":8}},"9":{"start":{"line":41,"column":23},"end":{"line":41,"column":31}},"10":{"start":{"line":42,"column":27},"end":{"line":42,"column":31}},"11":{"start":{"line":43,"column":8},"end":{"line":43,"column":45}},"12":{"start":{"line":44,"column":8},"end":{"line":44,"column":30}},"13":{"start":{"line":47,"column":8},"end":{"line":47,"column":40}},"14":{"start":{"line":51,"column":21},"end":{"line":51,"column":59}},"15":{"start":{"line":53,"column":2},"end":{"line":61,"column":3}}},"fnMap":{"0":{"name":"greetingReducer","decl":{"start":{"line":10,"column":9},"end":{"line":10,"column":24}},"loc":{"start":{"line":10,"column":40},"end":{"line":28,"column":1}},"line":10},"1":{"name":"FetchGreeting","decl":{"start":{"line":30,"column":9},"end":{"line":30,"column":22}},"loc":{"start":{"line":30,"column":25},"end":{"line":62,"column":1}},"line":30},"2":{"name":"(anonymous_2)","decl":{"start":{"line":37,"column":24},"end":{"line":37,"column":25}},"loc":{"start":{"line":37,"column":36},"end":{"line":49,"column":3}},"line":37},"3":{"name":"(anonymous_3)","decl":{"start":{"line":40,"column":12},"end":{"line":40,"column":13}},"loc":{"start":{"line":40,"column":26},"end":{"line":45,"column":7}},"line":40},"4":{"name":"(anonymous_4)","decl":{"start":{"line":46,"column":13},"end":{"line":46,"column":14}},"loc":{"start":{"line":46,"column":24},"end":{"line":48,"column":7}},"line":46}},"branchMap":{"0":{"loc":{"start":{"line":11,"column":2},"end":{"line":27,"column":3}},"type":"switch","locations":[{"start":{"line":12,"column":4},"end":{"line":17,"column":5}},{"start":{"line":18,"column":4},"end":{"line":23,"column":5}},{"start":{"line":24,"column":4},"end":{"line":26,"column":5}}],"line":11},"1":{"loc":{"start":{"line":51,"column":21},"end":{"line":51,"column":59}},"type":"cond-expr","locations":[{"start":{"line":51,"column":37},"end":{"line":51,"column":41}},{"start":{"line":51,"column":44},"end":{"line":51,"column":59}}],"line":51},"2":{"loc":{"start":{"line":58,"column":7},"end":{"line":58,"column":38}},"type":"binary-expr","locations":[{"start":{"line":58,"column":7},"end":{"line":58,"column":15}},{"start":{"line":58,"column":19},"end":{"line":58,"column":38}}],"line":58},"3":{"loc":{"start":{"line":59,"column":7},"end":{"line":59,"column":58}},"type":"binary-expr","locations":[{"start":{"line":59,"column":7},"end":{"line":59,"column":12}},{"start":{"line":59,"column":16},"end":{"line":59,"column":58}}],"line":59}},"s":{"0":1,"1":2,"2":1,"3":1,"4":0,"5":5,"6":5,"7":5,"8":2,"9":1,"10":1,"11":1,"12":1,"13":1,"14":5,"15":5},"f":{"0":2,"1":5,"2":2,"3":1,"4":1},"b":{"0":[1,1,0],"1":[1,4],"2":[5,2],"3":[5,1]},"_coverageSchema":"1a1c01bbd47fc00a2c39e90264f33305004495a9","hash":"22b647b4a847f6ea8b874bf17d6aec03ac95bb77"}
,"C:\\Users\\PinakiPrasadMohapatr\\Downloads\\sandbox\\src\\httpCliet.js": {"path":"C:\\Users\\PinakiPrasadMohapatr\\Downloads\\sandbox\\src\\httpCliet.js","statementMap":{"0":{"start":{"line":3,"column":17},"end":{"line":3,"column":75}},"1":{"start":{"line":5,"column":18},"end":{"line":10,"column":2}},"2":{"start":{"line":12,"column":13},"end":{"line":14,"column":1}},"3":{"start":{"line":13,"column":2},"end":{"line":13,"column":36}},"4":{"start":{"line":16,"column":16},"end":{"line":18,"column":1}},"5":{"start":{"line":17,"column":2},"end":{"line":17,"column":39}},"6":{"start":{"line":20,"column":13},"end":{"line":22,"column":1}},"7":{"start":{"line":21,"column":2},"end":{"line":21,"column":42}},"8":{"start":{"line":24,"column":14},"end":{"line":26,"column":1}},"9":{"start":{"line":25,"column":2},"end":{"line":25,"column":43}}},"fnMap":{"0":{"name":"(anonymous_0)","decl":{"start":{"line":12,"column":13},"end":{"line":12,"column":14}},"loc":{"start":{"line":12,"column":35},"end":{"line":14,"column":1}},"line":12},"1":{"name":"(anonymous_1)","decl":{"start":{"line":16,"column":16},"end":{"line":16,"column":17}},"loc":{"start":{"line":16,"column":38},"end":{"line":18,"column":1}},"line":16},"2":{"name":"(anonymous_2)","decl":{"start":{"line":20,"column":13},"end":{"line":20,"column":14}},"loc":{"start":{"line":20,"column":46},"end":{"line":22,"column":1}},"line":20},"3":{"name":"(anonymous_3)","decl":{"start":{"line":24,"column":14},"end":{"line":24,"column":15}},"loc":{"start":{"line":24,"column":47},"end":{"line":26,"column":1}},"line":24}},"branchMap":{"0":{"loc":{"start":{"line":3,"column":17},"end":{"line":3,"column":75}},"type":"binary-expr","locations":[{"start":{"line":3,"column":17},"end":{"line":3,"column":47}},{"start":{"line":3,"column":51},"end":{"line":3,"column":75}}],"line":3},"1":{"loc":{"start":{"line":12,"column":19},"end":{"line":12,"column":30}},"type":"default-arg","locations":[{"start":{"line":12,"column":28},"end":{"line":12,"column":30}}],"line":12},"2":{"loc":{"start":{"line":16,"column":22},"end":{"line":16,"column":33}},"type":"default-arg","locations":[{"start":{"line":16,"column":31},"end":{"line":16,"column":33}}],"line":16},"3":{"loc":{"start":{"line":20,"column":19},"end":{"line":20,"column":28}},"type":"default-arg","locations":[{"start":{"line":20,"column":26},"end":{"line":20,"column":28}}],"line":20},"4":{"loc":{"start":{"line":20,"column":30},"end":{"line":20,"column":41}},"type":"default-arg","locations":[{"start":{"line":20,"column":39},"end":{"line":20,"column":41}}],"line":20},"5":{"loc":{"start":{"line":24,"column":20},"end":{"line":24,"column":29}},"type":"default-arg","locations":[{"start":{"line":24,"column":27},"end":{"line":24,"column":29}}],"line":24},"6":{"loc":{"start":{"line":24,"column":31},"end":{"line":24,"column":42}},"type":"default-arg","locations":[{"start":{"line":24,"column":40},"end":{"line":24,"column":42}}],"line":24}},"s":{"0":1,"1":1,"2":1,"3":0,"4":1,"5":0,"6":1,"7":0,"8":1,"9":0},"f":{"0":0,"1":0,"2":0,"3":0},"b":{"0":[1,1],"1":[0],"2":[0],"3":[0],"4":[0],"5":[0],"6":[0]},"_coverageSchema":"1a1c01bbd47fc00a2c39e90264f33305004495a9","hash":"e9154245a491456133490532ebe02dfb58995545"}
,"C:\\Users\\PinakiPrasadMohapatr\\Downloads\\sandbox\\src\\index.js": {"path":"C:\\Users\\PinakiPrasadMohapatr\\Downloads\\sandbox\\src\\index.js","statementMap":{"0":{"start":{"line":6,"column":2},"end":{"line":13,"column":3}},"1":{"start":{"line":16,"column":0},"end":{"line":16,"column":48}}},"fnMap":{"0":{"name":"App","decl":{"start":{"line":5,"column":9},"end":{"line":5,"column":12}},"loc":{"start":{"line":5,"column":15},"end":{"line":14,"column":1}},"line":5}},"branchMap":{},"s":{"0":0,"1":0},"f":{"0":0},"b":{}}
,"C:\\Users\\PinakiPrasadMohapatr\\Downloads\\sandbox\\src\\lazy-component.js": {"path":"C:\\Users\\PinakiPrasadMohapatr\\Downloads\\sandbox\\src\\lazy-component.js","statementMap":{"0":{"start":{"line":4,"column":2},"end":{"line":4,"column":30}}},"fnMap":{"0":{"name":"LazyComponent","decl":{"start":{"line":3,"column":9},"end":{"line":3,"column":22}},"loc":{"start":{"line":3,"column":25},"end":{"line":5,"column":1}},"line":3}},"branchMap":{},"s":{"0":2},"f":{"0":2},"b":{},"_coverageSchema":"1a1c01bbd47fc00a2c39e90264f33305004495a9","hash":"9c41dcb4d32cbbdb7e444938d62620ba79ed5a63"}
,"C:\\Users\\PinakiPrasadMohapatr\\Downloads\\sandbox\\src\\react-context.js": {"path":"C:\\Users\\PinakiPrasadMohapatr\\Downloads\\sandbox\\src\\react-context.js","statementMap":{"0":{"start":{"line":3,"column":20},"end":{"line":3,"column":50}},"1":{"start":{"line":5,"column":21},"end":{"line":10,"column":1}},"2":{"start":{"line":6,"column":19},"end":{"line":6,"column":37}},"3":{"start":{"line":7,"column":2},"end":{"line":9,"column":3}},"4":{"start":{"line":12,"column":21},"end":{"line":16,"column":1}},"5":{"start":{"line":13,"column":2},"end":{"line":15,"column":25}},"6":{"start":{"line":14,"column":14},"end":{"line":14,"column":44}}},"fnMap":{"0":{"name":"(anonymous_0)","decl":{"start":{"line":5,"column":21},"end":{"line":5,"column":22}},"loc":{"start":{"line":5,"column":50},"end":{"line":10,"column":1}},"line":5},"1":{"name":"(anonymous_1)","decl":{"start":{"line":12,"column":21},"end":{"line":12,"column":22}},"loc":{"start":{"line":13,"column":2},"end":{"line":15,"column":25}},"line":13},"2":{"name":"(anonymous_2)","decl":{"start":{"line":14,"column":5},"end":{"line":14,"column":6}},"loc":{"start":{"line":14,"column":14},"end":{"line":14,"column":44}},"line":14}},"branchMap":{},"s":{"0":1,"1":1,"2":2,"3":2,"4":1,"5":3,"6":3},"f":{"0":2,"1":3,"2":3},"b":{},"_coverageSchema":"1a1c01bbd47fc00a2c39e90264f33305004495a9","hash":"77c6144bf8abef489c4fa87d745e38220101a7a0"}
,"C:\\Users\\PinakiPrasadMohapatr\\Downloads\\sandbox\\src\\utils.js": {"path":"C:\\Users\\PinakiPrasadMohapatr\\Downloads\\sandbox\\src\\utils.js","statementMap":{"0":{"start":{"line":4,"column":2},"end":{"line":4,"column":41}}},"fnMap":{"0":{"name":"reportError","decl":{"start":{"line":1,"column":9},"end":{"line":1,"column":20}},"loc":{"start":{"line":1,"column":23},"end":{"line":5,"column":1}},"line":1}},"branchMap":{},"s":{"0":0},"f":{"0":0},"b":{}}
,"C:\\Users\\PinakiPrasadMohapatr\\Downloads\\sandbox\\src\\components\\antTable.js": {"path":"C:\\Users\\PinakiPrasadMohapatr\\Downloads\\sandbox\\src\\components\\antTable.js","statementMap":{"0":{"start":{"line":6,"column":23},"end":{"line":40,"column":1}},"1":{"start":{"line":7,"column":33},"end":{"line":7,"column":46}},"2":{"start":{"line":8,"column":18},"end":{"line":25,"column":1}},"3":{"start":{"line":13,"column":24},"end":{"line":13,"column":37}},"4":{"start":{"line":27,"column":4},"end":{"line":32,"column":14}},"5":{"start":{"line":28,"column":18},"end":{"line":28,"column":38}},"6":{"start":{"line":29,"column":8},"end":{"line":29,"column":37}},"7":{"start":{"line":30,"column":8},"end":{"line":30,"column":37}},"8":{"start":{"line":31,"column":8},"end":{"line":31,"column":89}},"9":{"start":{"line":31,"column":56},"end":{"line":31,"column":85}},"10":{"start":{"line":37,"column":8},"end":{"line":38,"column":82}}},"fnMap":{"0":{"name":"(anonymous_0)","decl":{"start":{"line":6,"column":23},"end":{"line":6,"column":24}},"loc":{"start":{"line":6,"column":27},"end":{"line":40,"column":1}},"line":6},"1":{"name":"(anonymous_1)","decl":{"start":{"line":13,"column":14},"end":{"line":13,"column":15}},"loc":{"start":{"line":13,"column":24},"end":{"line":13,"column":37}},"line":13},"2":{"name":"(anonymous_2)","decl":{"start":{"line":27,"column":14},"end":{"line":27,"column":15}},"loc":{"start":{"line":27,"column":23},"end":{"line":32,"column":9}},"line":27},"3":{"name":"(anonymous_3)","decl":{"start":{"line":31,"column":46},"end":{"line":31,"column":47}},"loc":{"start":{"line":31,"column":54},"end":{"line":31,"column":87}},"line":31}},"branchMap":{},"s":{"0":1,"1":2,"2":2,"3":1,"4":2,"5":1,"6":1,"7":1,"8":1,"9":1,"10":2},"f":{"0":2,"1":1,"2":1,"3":1},"b":{},"_coverageSchema":"1a1c01bbd47fc00a2c39e90264f33305004495a9","hash":"f04a6d30eb0c89aa424112ad637f1693af320400"}
}
